# JRE version: Java(TM) SE Runtime Environment (12.0.2+10) (build 12.0.2+10)
# Java VM: Java HotSpot(TM) 64-Bit Server VM (12.0.2+10, mixed mode, sharing, tiered, compressed oops, g1 gc, windows-amd64)
Heap:
 garbage-first heap   total 32768K, used 14251K [0x0000000742000000, 0x0000000800000000)
  region size 1024K, 9 young (9216K), 1 survivors (1024K)
 Metaspace       used 8993K, capacity 11572K, committed 11904K, reserved 1060864K
  class space    used 1035K, capacity 1330K, committed 1408K, reserved 1048576K
GC Heap History (10 events):
Event: 1.644 GC heap before
{Heap before GC invocations=14 (full 0):
 garbage-first heap   total 12288K, used 6073K [0x0000000742000000, 0x0000000800000000)
  region size 1024K, 2 young (2048K), 1 survivors (1024K)
 Metaspace       used 8645K, capacity 11337K, committed 11648K, reserved 1058816K
  class space    used 1005K, capacity 1317K, committed 1408K, reserved 1048576K
}
Event: 1.646 GC heap after
{Heap after GC invocations=15 (full 0):
 garbage-first heap   total 16384K, used 5267K [0x0000000742000000, 0x0000000800000000)
  region size 1024K, 1 young (1024K), 1 survivors (1024K)
 Metaspace       used 8645K, capacity 11337K, committed 11648K, reserved 1058816K
  class space    used 1005K, capacity 1317K, committed 1408K, reserved 1048576K
}
Event: 1.701 GC heap before
{Heap before GC invocations=15 (full 0):
 garbage-first heap   total 16384K, used 8339K [0x0000000742000000, 0x0000000800000000)
  region size 1024K, 4 young (4096K), 1 survivors (1024K)
 Metaspace       used 8671K, capacity 11338K, committed 11648K, reserved 1058816K
  class space    used 1005K, capacity 1317K, committed 1408K, reserved 1048576K
}
Event: 1.704 GC heap after
{Heap after GC invocations=16 (full 0):
 garbage-first heap   total 16384K, used 5558K [0x0000000742000000, 0x0000000800000000)
  region size 1024K, 1 young (1024K), 1 survivors (1024K)
 Metaspace       used 8671K, capacity 11338K, committed 11648K, reserved 1058816K
  class space    used 1005K, capacity 1317K, committed 1408K, reserved 1048576K
}
Event: 1.783 GC heap before
{Heap before GC invocations=16 (full 0):
 garbage-first heap   total 16384K, used 8630K [0x0000000742000000, 0x0000000800000000)
  region size 1024K, 4 young (4096K), 1 survivors (1024K)
 Metaspace       used 8763K, capacity 11466K, committed 11648K, reserved 1058816K
  class space    used 1014K, capacity 1317K, committed 1408K, reserved 1048576K
}
Event: 1.787 GC heap after
{Heap after GC invocations=17 (full 0):
 garbage-first heap   total 16384K, used 6040K [0x0000000742000000, 0x0000000800000000)
  region size 1024K, 1 young (1024K), 1 survivors (1024K)
 Metaspace       used 8763K, capacity 11466K, committed 11648K, reserved 1058816K
  class space    used 1014K, capacity 1317K, committed 1408K, reserved 1048576K
}
Event: 1.818 GC heap before
{Heap before GC invocations=17 (full 0):
 garbage-first heap   total 16384K, used 9112K [0x0000000742000000, 0x0000000800000000)
  region size 1024K, 4 young (4096K), 1 survivors (1024K)
 Metaspace       used 8789K, capacity 11467K, committed 11648K, reserved 1058816K
  class space    used 1014K, capacity 1317K, committed 1408K, reserved 1048576K
}
Event: 1.822 GC heap after
{Heap after GC invocations=18 (full 0):
 garbage-first heap   total 16384K, used 6771K [0x0000000742000000, 0x0000000800000000)
  region size 1024K, 1 young (1024K), 1 survivors (1024K)
 Metaspace       used 8789K, capacity 11467K, committed 11648K, reserved 1058816K
  class space    used 1014K, capacity 1317K, committed 1408K, reserved 1048576K
}
Event: 1.845 GC heap before
{Heap before GC invocations=18 (full 0):
 garbage-first heap   total 16384K, used 9843K [0x0000000742000000, 0x0000000800000000)
  region size 1024K, 4 young (4096K), 1 survivors (1024K)
 Metaspace       used 8790K, capacity 11467K, committed 11648K, reserved 1058816K
  class space    used 1014K, capacity 1317K, committed 1408K, reserved 1048576K
}
Event: 1.848 GC heap after
{Heap after GC invocations=19 (full 0):
 garbage-first heap   total 32768K, used 7083K [0x0000000742000000, 0x0000000800000000)
  region size 1024K, 1 young (1024K), 1 survivors (1024K)
 Metaspace       used 8790K, capacity 11467K, committed 11648K, reserved 1058816K
  class space    used 1014K, capacity 1317K, committed 1408K, reserved 1048576K
}

