# JRE version: Java(TM) SE Runtime Environment (12.0.2+10) (build 12.0.2+10)
# Java VM: Java HotSpot(TM) 64-Bit Server VM (12.0.2+10, mixed mode, sharing, tiered, compressed oops, g1 gc, windows-amd64)
Heap:
 garbage-first heap   total 51200K, used 10245K [0x0000000742000000, 0x0000000800000000)
  region size 1024K, 1 young (1024K), 1 survivors (1024K)
 Metaspace       used 10193K, capacity 12792K, committed 13056K, reserved 1060864K
  class space    used 1124K, capacity 1431K, committed 1536K, reserved 1048576K
GC Heap History (10 events):
Event: 1.605 GC heap after
{Heap after GC invocations=19 (full 0):
 garbage-first heap   total 15360K, used 6820K [0x0000000742000000, 0x0000000800000000)
  region size 1024K, 1 young (1024K), 1 survivors (1024K)
 Metaspace       used 8804K, capacity 11467K, committed 11648K, reserved 1058816K
  class space    used 1014K, capacity 1317K, committed 1408K, reserved 1048576K
}
Event: 1.612 GC heap before
{Heap before GC invocations=19 (full 0):
 garbage-first heap   total 15360K, used 8868K [0x0000000742000000, 0x0000000800000000)
  region size 1024K, 3 young (3072K), 1 survivors (1024K)
 Metaspace       used 8806K, capacity 11467K, committed 11648K, reserved 1058816K
  class space    used 1014K, capacity 1317K, committed 1408K, reserved 1048576K
}
Event: 1.614 GC heap after
{Heap after GC invocations=20 (full 0):
 garbage-first heap   total 25600K, used 7121K [0x0000000742000000, 0x0000000800000000)
  region size 1024K, 1 young (1024K), 1 survivors (1024K)
 Metaspace       used 8806K, capacity 11467K, committed 11648K, reserved 1058816K
  class space    used 1014K, capacity 1317K, committed 1408K, reserved 1048576K
}
Event: 1.672 GC heap before
{Heap before GC invocations=21 (full 0):
 garbage-first heap   total 25600K, used 12241K [0x0000000742000000, 0x0000000800000000)
  region size 1024K, 6 young (6144K), 1 survivors (1024K)
 Metaspace       used 8898K, capacity 11556K, committed 11648K, reserved 1058816K
  class space    used 1025K, capacity 1325K, committed 1408K, reserved 1048576K
}
Event: 1.676 GC heap after
{Heap after GC invocations=22 (full 0):
 garbage-first heap   total 25600K, used 8077K [0x0000000742000000, 0x0000000800000000)
  region size 1024K, 1 young (1024K), 1 survivors (1024K)
 Metaspace       used 8898K, capacity 11556K, committed 11648K, reserved 1058816K
  class space    used 1025K, capacity 1325K, committed 1408K, reserved 1048576K
}
Event: 1.903 GC heap before
{Heap before GC invocations=22 (full 0):
 garbage-first heap   total 25600K, used 14221K [0x0000000742000000, 0x0000000800000000)
  region size 1024K, 7 young (7168K), 1 survivors (1024K)
 Metaspace       used 9274K, capacity 11892K, committed 12160K, reserved 1060864K
  class space    used 1064K, capacity 1372K, committed 1408K, reserved 1048576K
}
Event: 1.909 GC heap after
{Heap after GC invocations=23 (full 0):
 garbage-first heap   total 25600K, used 9399K [0x0000000742000000, 0x0000000800000000)
  region size 1024K, 1 young (1024K), 1 survivors (1024K)
 Metaspace       used 9274K, capacity 11892K, committed 12160K, reserved 1060864K
  class space    used 1064K, capacity 1372K, committed 1408K, reserved 1048576K
}
Event: 2.178 GC heap before
{Heap before GC invocations=23 (full 0):
 garbage-first heap   total 25600K, used 14519K [0x0000000742000000, 0x0000000800000000)
  region size 1024K, 6 young (6144K), 1 survivors (1024K)
 Metaspace       used 9817K, capacity 12450K, committed 12800K, reserved 1060864K
  class space    used 1098K, capacity 1426K, committed 1536K, reserved 1048576K
}
Event: 2.182 GC heap after
{Heap after GC invocations=24 (full 0):
 garbage-first heap   total 25600K, used 9781K [0x0000000742000000, 0x0000000800000000)
  region size 1024K, 1 young (1024K), 1 survivors (1024K)
 Metaspace       used 9817K, capacity 12450K, committed 12800K, reserved 1060864K
  class space    used 1098K, capacity 1426K, committed 1536K, reserved 1048576K
}
Event: 2.330 GC heap before
{Heap before GC invocations=24 (full 0):
 garbage-first heap   total 25600K, used 14901K [0x0000000742000000, 0x0000000800000000)
  region size 1024K, 6 young (6144K), 1 survivors (1024K)
 Metaspace       used 10193K, capacity 12792K, committed 13056K, reserved 1060864K
  class space    used 1124K, capacity 1431K, committed 1536K, reserved 1048576K
}

