# JRE version: Java(TM) SE Runtime Environment (12.0.2+10) (build 12.0.2+10)
# Java VM: Java HotSpot(TM) 64-Bit Server VM (12.0.2+10, mixed mode, sharing, tiered, compressed oops, g1 gc, windows-amd64)
Heap:
 garbage-first heap   total 25600K, used 13045K [0x0000000742000000, 0x0000000800000000)
  region size 1024K, 7 young (7168K), 1 survivors (1024K)
 Metaspace       used 9259K, capacity 11894K, committed 12160K, reserved 1060864K
  class space    used 1073K, capacity 1373K, committed 1408K, reserved 1048576K
GC Heap History (10 events):
Event: 1.132 GC heap before
{Heap before GC invocations=14 (full 0):
 garbage-first heap   total 15360K, used 8121K [0x0000000742000000, 0x0000000800000000)
  region size 1024K, 4 young (4096K), 1 survivors (1024K)
 Metaspace       used 8629K, capacity 11338K, committed 11648K, reserved 1058816K
  class space    used 1005K, capacity 1317K, committed 1408K, reserved 1048576K
}
Event: 1.134 GC heap after
{Heap after GC invocations=15 (full 0):
 garbage-first heap   total 15360K, used 5397K [0x0000000742000000, 0x0000000800000000)
  region size 1024K, 1 young (1024K), 1 survivors (1024K)
 Metaspace       used 8629K, capacity 11338K, committed 11648K, reserved 1058816K
  class space    used 1005K, capacity 1317K, committed 1408K, reserved 1048576K
}
Event: 1.148 GC heap before
{Heap before GC invocations=15 (full 0):
 garbage-first heap   total 15360K, used 8469K [0x0000000742000000, 0x0000000800000000)
  region size 1024K, 4 young (4096K), 1 survivors (1024K)
 Metaspace       used 8638K, capacity 11338K, committed 11648K, reserved 1058816K
  class space    used 1005K, capacity 1317K, committed 1408K, reserved 1048576K
}
Event: 1.151 GC heap after
{Heap after GC invocations=16 (full 0):
 garbage-first heap   total 15360K, used 5747K [0x0000000742000000, 0x0000000800000000)
  region size 1024K, 1 young (1024K), 1 survivors (1024K)
 Metaspace       used 8638K, capacity 11338K, committed 11648K, reserved 1058816K
  class space    used 1005K, capacity 1317K, committed 1408K, reserved 1048576K
}
Event: 1.192 GC heap before
{Heap before GC invocations=16 (full 0):
 garbage-first heap   total 15360K, used 8819K [0x0000000742000000, 0x0000000800000000)
  region size 1024K, 4 young (4096K), 1 survivors (1024K)
 Metaspace       used 8750K, capacity 11403K, committed 11648K, reserved 1058816K
  class space    used 1014K, capacity 1317K, committed 1408K, reserved 1048576K
}
Event: 1.195 GC heap after
{Heap after GC invocations=17 (full 0):
 garbage-first heap   total 15360K, used 6415K [0x0000000742000000, 0x0000000800000000)
  region size 1024K, 1 young (1024K), 1 survivors (1024K)
 Metaspace       used 8750K, capacity 11403K, committed 11648K, reserved 1058816K
  class space    used 1014K, capacity 1317K, committed 1408K, reserved 1048576K
}
Event: 1.201 GC heap before
{Heap before GC invocations=17 (full 0):
 garbage-first heap   total 15360K, used 8463K [0x0000000742000000, 0x0000000800000000)
  region size 1024K, 3 young (3072K), 1 survivors (1024K)
 Metaspace       used 8752K, capacity 11403K, committed 11648K, reserved 1058816K
  class space    used 1014K, capacity 1317K, committed 1408K, reserved 1048576K
}
Event: 1.205 GC heap after
{Heap after GC invocations=18 (full 0):
 garbage-first heap   total 25600K, used 6882K [0x0000000742000000, 0x0000000800000000)
  region size 1024K, 1 young (1024K), 1 survivors (1024K)
 Metaspace       used 8752K, capacity 11403K, committed 11648K, reserved 1058816K
  class space    used 1014K, capacity 1317K, committed 1408K, reserved 1048576K
}
Event: 1.277 GC heap before
{Heap before GC invocations=18 (full 0):
 garbage-first heap   total 25600K, used 12002K [0x0000000742000000, 0x0000000800000000)
  region size 1024K, 6 young (6144K), 1 survivors (1024K)
 Metaspace       used 8868K, capacity 11492K, committed 11648K, reserved 1058816K
  class space    used 1024K, capacity 1325K, committed 1408K, reserved 1048576K
}
Event: 1.280 GC heap after
{Heap after GC invocations=19 (full 0):
 garbage-first heap   total 25600K, used 7925K [0x0000000742000000, 0x0000000800000000)
  region size 1024K, 1 young (1024K), 1 survivors (1024K)
 Metaspace       used 8868K, capacity 11492K, committed 11648K, reserved 1058816K
  class space    used 1024K, capacity 1325K, committed 1408K, reserved 1048576K
}

