# JRE version: Java(TM) SE Runtime Environment (12.0.2+10) (build 12.0.2+10)
# Java VM: Java HotSpot(TM) 64-Bit Server VM (12.0.2+10, mixed mode, sharing, tiered, compressed oops, g1 gc, windows-amd64)
Heap:
 garbage-first heap   total 51200K, used 10386K [0x0000000742000000, 0x0000000800000000)
  region size 1024K, 1 young (1024K), 1 survivors (1024K)
 Metaspace       used 10217K, capacity 12796K, committed 13056K, reserved 1060864K
  class space    used 1123K, capacity 1431K, committed 1536K, reserved 1048576K
GC Heap History (10 events):
Event: 1.180 GC heap after
{Heap after GC invocations=17 (full 0):
 garbage-first heap   total 15360K, used 6549K [0x0000000742000000, 0x0000000800000000)
  region size 1024K, 1 young (1024K), 1 survivors (1024K)
 Metaspace       used 8819K, capacity 11467K, committed 11648K, reserved 1058816K
  class space    used 1014K, capacity 1317K, committed 1408K, reserved 1048576K
}
Event: 1.211 GC heap before
{Heap before GC invocations=17 (full 0):
 garbage-first heap   total 15360K, used 8597K [0x0000000742000000, 0x0000000800000000)
  region size 1024K, 3 young (3072K), 1 survivors (1024K)
 Metaspace       used 8821K, capacity 11467K, committed 11648K, reserved 1058816K
  class space    used 1014K, capacity 1317K, committed 1408K, reserved 1048576K
}
Event: 1.214 GC heap after
{Heap after GC invocations=18 (full 0):
 garbage-first heap   total 25600K, used 6993K [0x0000000742000000, 0x0000000800000000)
  region size 1024K, 1 young (1024K), 1 survivors (1024K)
 Metaspace       used 8821K, capacity 11467K, committed 11648K, reserved 1058816K
  class space    used 1014K, capacity 1317K, committed 1408K, reserved 1048576K
}
Event: 1.313 GC heap before
{Heap before GC invocations=18 (full 0):
 garbage-first heap   total 25600K, used 11089K [0x0000000742000000, 0x0000000800000000)
  region size 1024K, 6 young (6144K), 1 survivors (1024K)
 Metaspace       used 8887K, capacity 11550K, committed 11648K, reserved 1058816K
  class space    used 1022K, capacity 1323K, committed 1408K, reserved 1048576K
}
Event: 1.316 GC heap after
{Heap after GC invocations=19 (full 0):
 garbage-first heap   total 25600K, used 7906K [0x0000000742000000, 0x0000000800000000)
  region size 1024K, 1 young (1024K), 1 survivors (1024K)
 Metaspace       used 8887K, capacity 11550K, committed 11648K, reserved 1058816K
  class space    used 1022K, capacity 1323K, committed 1408K, reserved 1048576K
}
Event: 1.396 GC heap before
{Heap before GC invocations=19 (full 0):
 garbage-first heap   total 25600K, used 14050K [0x0000000742000000, 0x0000000800000000)
  region size 1024K, 7 young (7168K), 1 survivors (1024K)
 Metaspace       used 9145K, capacity 11745K, committed 11904K, reserved 1060864K
  class space    used 1056K, capacity 1367K, committed 1408K, reserved 1048576K
}
Event: 1.401 GC heap after
{Heap after GC invocations=20 (full 0):
 garbage-first heap   total 25600K, used 9088K [0x0000000742000000, 0x0000000800000000)
  region size 1024K, 1 young (1024K), 1 survivors (1024K)
 Metaspace       used 9145K, capacity 11745K, committed 11904K, reserved 1060864K
  class space    used 1056K, capacity 1367K, committed 1408K, reserved 1048576K
}
Event: 1.865 GC heap before
{Heap before GC invocations=20 (full 0):
 garbage-first heap   total 25600K, used 15232K [0x0000000742000000, 0x0000000800000000)
  region size 1024K, 7 young (7168K), 1 survivors (1024K)
 Metaspace       used 9823K, capacity 12448K, committed 12800K, reserved 1060864K
  class space    used 1097K, capacity 1426K, committed 1536K, reserved 1048576K
}
Event: 1.870 GC heap after
{Heap after GC invocations=21 (full 0):
 garbage-first heap   total 25600K, used 9840K [0x0000000742000000, 0x0000000800000000)
  region size 1024K, 1 young (1024K), 1 survivors (1024K)
 Metaspace       used 9823K, capacity 12448K, committed 12800K, reserved 1060864K
  class space    used 1097K, capacity 1426K, committed 1536K, reserved 1048576K
}
Event: 2.038 GC heap before
{Heap before GC invocations=21 (full 0):
 garbage-first heap   total 25600K, used 15984K [0x0000000742000000, 0x0000000800000000)
  region size 1024K, 7 young (7168K), 1 survivors (1024K)
 Metaspace       used 10217K, capacity 12796K, committed 13056K, reserved 1060864K
  class space    used 1123K, capacity 1431K, committed 1536K, reserved 1048576K
}

