# JRE version: Java(TM) SE Runtime Environment (12.0.2+10) (build 12.0.2+10)
# Java VM: Java HotSpot(TM) 64-Bit Server VM (12.0.2+10, mixed mode, sharing, tiered, compressed oops, g1 gc, windows-amd64)
Heap:
 garbage-first heap   total 10240K, used 2621K [0x0000000742000000, 0x0000000800000000)
  region size 1024K, 1 young (1024K), 1 survivors (1024K)
 Metaspace       used 7439K, capacity 10768K, committed 11008K, reserved 1058816K
  class space    used 885K, capacity 1213K, committed 1280K, reserved 1048576K
GC Heap History (8 events):
Event: 0.191 GC heap before
{Heap before GC invocations=0 (full 0):
 garbage-first heap   total 8192K, used 2048K [0x0000000742000000, 0x0000000800000000)
  region size 1024K, 3 young (3072K), 0 survivors (0K)
 Metaspace       used 2415K, capacity 6118K, committed 6272K, reserved 1056768K
  class space    used 291K, capacity 640K, committed 640K, reserved 1048576K
}
Event: 0.196 GC heap after
{Heap after GC invocations=1 (full 0):
 garbage-first heap   total 8192K, used 1125K [0x0000000742000000, 0x0000000800000000)
  region size 1024K, 1 young (1024K), 1 survivors (1024K)
 Metaspace       used 2415K, capacity 6118K, committed 6272K, reserved 1056768K
  class space    used 291K, capacity 640K, committed 640K, reserved 1048576K
}
Event: 0.282 GC heap before
{Heap before GC invocations=1 (full 0):
 garbage-first heap   total 8192K, used 2149K [0x0000000742000000, 0x0000000800000000)
  region size 1024K, 2 young (2048K), 1 survivors (1024K)
 Metaspace       used 3911K, capacity 7543K, committed 7808K, reserved 1056768K
  class space    used 495K, capacity 838K, committed 896K, reserved 1048576K
}
Event: 0.284 GC heap after
{Heap after GC invocations=2 (full 0):
 garbage-first heap   total 8192K, used 1667K [0x0000000742000000, 0x0000000800000000)
  region size 1024K, 1 young (1024K), 1 survivors (1024K)
 Metaspace       used 3911K, capacity 7543K, committed 7808K, reserved 1056768K
  class space    used 495K, capacity 838K, committed 896K, reserved 1048576K
}
Event: 0.349 GC heap before
{Heap before GC invocations=2 (full 0):
 garbage-first heap   total 8192K, used 2691K [0x0000000742000000, 0x0000000800000000)
  region size 1024K, 2 young (2048K), 1 survivors (1024K)
 Metaspace       used 5342K, capacity 8995K, committed 9344K, reserved 1056768K
  class space    used 663K, capacity 1025K, committed 1152K, reserved 1048576K
}
Event: 0.350 GC heap after
{Heap after GC invocations=3 (full 0):
 garbage-first heap   total 8192K, used 1993K [0x0000000742000000, 0x0000000800000000)
  region size 1024K, 1 young (1024K), 1 survivors (1024K)
 Metaspace       used 5342K, capacity 8995K, committed 9344K, reserved 1056768K
  class space    used 663K, capacity 1025K, committed 1152K, reserved 1048576K
}
Event: 0.419 GC heap before
{Heap before GC invocations=3 (full 0):
 garbage-first heap   total 8192K, used 1993K [0x0000000742000000, 0x0000000800000000)
  region size 1024K, 2 young (2048K), 1 survivors (1024K)
 Metaspace       used 6756K, capacity 10243K, committed 10496K, reserved 1058816K
  class space    used 836K, capacity 1166K, committed 1280K, reserved 1048576K
}
Event: 0.421 GC heap after
{Heap after GC invocations=4 (full 0):
 garbage-first heap   total 8192K, used 2390K [0x0000000742000000, 0x0000000800000000)
  region size 1024K, 1 young (1024K), 1 survivors (1024K)
 Metaspace       used 6756K, capacity 10243K, committed 10496K, reserved 1058816K
  class space    used 836K, capacity 1166K, committed 1280K, reserved 1048576K
}

