# JRE version: Java(TM) SE Runtime Environment (12.0.2+10) (build 12.0.2+10)
# Java VM: Java HotSpot(TM) 64-Bit Server VM (12.0.2+10, mixed mode, sharing, tiered, compressed oops, g1 gc, windows-amd64)
Heap:
 garbage-first heap   total 194560K, used 33856K [0x0000000742000000, 0x0000000800000000)
  region size 1024K, 26 young (26624K), 1 survivors (1024K)
 Metaspace       used 7692K, capacity 7985K, committed 8192K, reserved 1056768K
  class space    used 786K, capacity 938K, committed 1024K, reserved 1048576K
GC Heap History (10 events):
Event: 322.205 GC heap before
{Heap before GC invocations=27 (full 0):
 garbage-first heap   total 194560K, used 124985K [0x0000000742000000, 0x0000000800000000)
  region size 1024K, 114 young (116736K), 1 survivors (1024K)
 Metaspace       used 7623K, capacity 7983K, committed 8192K, reserved 1056768K
  class space    used 771K, capacity 937K, committed 1024K, reserved 1048576K
}
Event: 322.206 GC heap after
{Heap after GC invocations=28 (full 0):
 garbage-first heap   total 194560K, used 9273K [0x0000000742000000, 0x0000000800000000)
  region size 1024K, 1 young (1024K), 1 survivors (1024K)
 Metaspace       used 7623K, capacity 7983K, committed 8192K, reserved 1056768K
  class space    used 771K, capacity 937K, committed 1024K, reserved 1048576K
}
Event: 333.674 GC heap before
{Heap before GC invocations=28 (full 0):
 garbage-first heap   total 194560K, used 124985K [0x0000000742000000, 0x0000000800000000)
  region size 1024K, 114 young (116736K), 1 survivors (1024K)
 Metaspace       used 7623K, capacity 7983K, committed 8192K, reserved 1056768K
  class space    used 771K, capacity 937K, committed 1024K, reserved 1048576K
}
Event: 333.675 GC heap after
{Heap after GC invocations=29 (full 0):
 garbage-first heap   total 194560K, used 9275K [0x0000000742000000, 0x0000000800000000)
  region size 1024K, 1 young (1024K), 1 survivors (1024K)
 Metaspace       used 7623K, capacity 7983K, committed 8192K, reserved 1056768K
  class space    used 771K, capacity 937K, committed 1024K, reserved 1048576K
}
Event: 345.131 GC heap before
{Heap before GC invocations=29 (full 0):
 garbage-first heap   total 194560K, used 124987K [0x0000000742000000, 0x0000000800000000)
  region size 1024K, 114 young (116736K), 1 survivors (1024K)
 Metaspace       used 7623K, capacity 7983K, committed 8192K, reserved 1056768K
  class space    used 771K, capacity 937K, committed 1024K, reserved 1048576K
}
Event: 345.132 GC heap after
{Heap after GC invocations=30 (full 0):
 garbage-first heap   total 194560K, used 9280K [0x0000000742000000, 0x0000000800000000)
  region size 1024K, 1 young (1024K), 1 survivors (1024K)
 Metaspace       used 7623K, capacity 7983K, committed 8192K, reserved 1056768K
  class space    used 771K, capacity 937K, committed 1024K, reserved 1048576K
}
Event: 356.474 GC heap before
{Heap before GC invocations=30 (full 0):
 garbage-first heap   total 194560K, used 124992K [0x0000000742000000, 0x0000000800000000)
  region size 1024K, 114 young (116736K), 1 survivors (1024K)
 Metaspace       used 7623K, capacity 7983K, committed 8192K, reserved 1056768K
  class space    used 771K, capacity 937K, committed 1024K, reserved 1048576K
}
Event: 356.475 GC heap after
{Heap after GC invocations=31 (full 0):
 garbage-first heap   total 194560K, used 9282K [0x0000000742000000, 0x0000000800000000)
  region size 1024K, 1 young (1024K), 1 survivors (1024K)
 Metaspace       used 7623K, capacity 7983K, committed 8192K, reserved 1056768K
  class space    used 771K, capacity 937K, committed 1024K, reserved 1048576K
}
Event: 367.940 GC heap before
{Heap before GC invocations=31 (full 0):
 garbage-first heap   total 194560K, used 124994K [0x0000000742000000, 0x0000000800000000)
  region size 1024K, 114 young (116736K), 1 survivors (1024K)
 Metaspace       used 7623K, capacity 7983K, committed 8192K, reserved 1056768K
  class space    used 771K, capacity 937K, committed 1024K, reserved 1048576K
}
Event: 367.940 GC heap after
{Heap after GC invocations=32 (full 0):
 garbage-first heap   total 194560K, used 9280K [0x0000000742000000, 0x0000000800000000)
  region size 1024K, 1 young (1024K), 1 survivors (1024K)
 Metaspace       used 7623K, capacity 7983K, committed 8192K, reserved 1056768K
  class space    used 771K, capacity 937K, committed 1024K, reserved 1048576K
}

