# JRE version: Java(TM) SE Runtime Environment (12.0.2+10) (build 12.0.2+10)
# Java VM: Java HotSpot(TM) 64-Bit Server VM (12.0.2+10, mixed mode, sharing, tiered, compressed oops, g1 gc, windows-amd64)
Heap:
 garbage-first heap   total 194560K, used 96411K [0x0000000742000000, 0x0000000800000000)
  region size 1024K, 87 young (89088K), 1 survivors (1024K)
 Metaspace       used 7496K, capacity 7795K, committed 7936K, reserved 1056768K
  class space    used 778K, capacity 940K, committed 1024K, reserved 1048576K
GC Heap History (10 events):
Event: 17.032 GC heap before
{Heap before GC invocations=12 (full 0):
 garbage-first heap   total 194560K, used 123812K [0x0000000742000000, 0x0000000800000000)
  region size 1024K, 114 young (116736K), 2 survivors (2048K)
 Metaspace       used 7461K, capacity 7793K, committed 7936K, reserved 1056768K
  class space    used 774K, capacity 939K, committed 1024K, reserved 1048576K
}
Event: 17.035 GC heap after
{Heap after GC invocations=13 (full 0):
 garbage-first heap   total 194560K, used 9216K [0x0000000742000000, 0x0000000800000000)
  region size 1024K, 2 young (2048K), 2 survivors (2048K)
 Metaspace       used 7461K, capacity 7793K, committed 7936K, reserved 1056768K
  class space    used 774K, capacity 939K, committed 1024K, reserved 1048576K
}
Event: 18.346 GC heap before
{Heap before GC invocations=13 (full 0):
 garbage-first heap   total 194560K, used 123904K [0x0000000742000000, 0x0000000800000000)
  region size 1024K, 114 young (116736K), 2 survivors (2048K)
 Metaspace       used 7461K, capacity 7793K, committed 7936K, reserved 1056768K
  class space    used 774K, capacity 939K, committed 1024K, reserved 1048576K
}
Event: 18.349 GC heap after
{Heap after GC invocations=14 (full 0):
 garbage-first heap   total 194560K, used 9216K [0x0000000742000000, 0x0000000800000000)
  region size 1024K, 2 young (2048K), 2 survivors (2048K)
 Metaspace       used 7461K, capacity 7793K, committed 7936K, reserved 1056768K
  class space    used 774K, capacity 939K, committed 1024K, reserved 1048576K
}
Event: 19.693 GC heap before
{Heap before GC invocations=14 (full 0):
 garbage-first heap   total 194560K, used 123904K [0x0000000742000000, 0x0000000800000000)
  region size 1024K, 114 young (116736K), 2 survivors (2048K)
 Metaspace       used 7461K, capacity 7793K, committed 7936K, reserved 1056768K
  class space    used 774K, capacity 939K, committed 1024K, reserved 1048576K
}
Event: 19.695 GC heap after
{Heap after GC invocations=15 (full 0):
 garbage-first heap   total 194560K, used 9182K [0x0000000742000000, 0x0000000800000000)
  region size 1024K, 2 young (2048K), 2 survivors (2048K)
 Metaspace       used 7461K, capacity 7793K, committed 7936K, reserved 1056768K
  class space    used 774K, capacity 939K, committed 1024K, reserved 1048576K
}
Event: 21.029 GC heap before
{Heap before GC invocations=15 (full 0):
 garbage-first heap   total 194560K, used 123870K [0x0000000742000000, 0x0000000800000000)
  region size 1024K, 115 young (117760K), 2 survivors (2048K)
 Metaspace       used 7461K, capacity 7793K, committed 7936K, reserved 1056768K
  class space    used 774K, capacity 939K, committed 1024K, reserved 1048576K
}
Event: 21.031 GC heap after
{Heap after GC invocations=16 (full 0):
 garbage-first heap   total 194560K, used 9438K [0x0000000742000000, 0x0000000800000000)
  region size 1024K, 1 young (1024K), 1 survivors (1024K)
 Metaspace       used 7461K, capacity 7793K, committed 7936K, reserved 1056768K
  class space    used 774K, capacity 939K, committed 1024K, reserved 1048576K
}
Event: 22.532 GC heap before
{Heap before GC invocations=16 (full 0):
 garbage-first heap   total 194560K, used 125150K [0x0000000742000000, 0x0000000800000000)
  region size 1024K, 114 young (116736K), 1 survivors (1024K)
 Metaspace       used 7463K, capacity 7793K, committed 7936K, reserved 1056768K
  class space    used 774K, capacity 939K, committed 1024K, reserved 1048576K
}
Event: 22.533 GC heap after
{Heap after GC invocations=17 (full 0):
 garbage-first heap   total 194560K, used 9371K [0x0000000742000000, 0x0000000800000000)
  region size 1024K, 1 young (1024K), 1 survivors (1024K)
 Metaspace       used 7463K, capacity 7793K, committed 7936K, reserved 1056768K
  class space    used 774K, capacity 939K, committed 1024K, reserved 1048576K
}

