# JRE version: Java(TM) SE Runtime Environment (12.0.2+10) (build 12.0.2+10)
# Java VM: Java HotSpot(TM) 64-Bit Server VM (12.0.2+10, mixed mode, sharing, tiered, compressed oops, g1 gc, windows-amd64)
Heap:
 garbage-first heap   total 18432K, used 5495K [0x0000000742000000, 0x0000000800000000)
  region size 1024K, 1 young (1024K), 1 survivors (1024K)
 Metaspace       used 8630K, capacity 11338K, committed 11648K, reserved 1058816K
  class space    used 1005K, capacity 1317K, committed 1408K, reserved 1048576K
GC Heap History (10 events):
Event: 0.678 GC heap after
{Heap after GC invocations=8 (full 0):
 garbage-first heap   total 10240K, used 4424K [0x0000000742000000, 0x0000000800000000)
  region size 1024K, 1 young (1024K), 1 survivors (1024K)
 Metaspace       used 8399K, capacity 11318K, committed 11648K, reserved 1058816K
  class space    used 989K, capacity 1312K, committed 1408K, reserved 1048576K
}
Event: 0.685 GC heap before
{Heap before GC invocations=8 (full 0):
 garbage-first heap   total 10240K, used 5448K [0x0000000742000000, 0x0000000800000000)
  region size 1024K, 2 young (2048K), 1 survivors (1024K)
 Metaspace       used 8417K, capacity 11318K, committed 11648K, reserved 1058816K
  class space    used 989K, capacity 1312K, committed 1408K, reserved 1048576K
}
Event: 0.687 GC heap after
{Heap after GC invocations=9 (full 0):
 garbage-first heap   total 13312K, used 4560K [0x0000000742000000, 0x0000000800000000)
  region size 1024K, 1 young (1024K), 1 survivors (1024K)
 Metaspace       used 8417K, capacity 11318K, committed 11648K, reserved 1058816K
  class space    used 989K, capacity 1312K, committed 1408K, reserved 1048576K
}
Event: 0.719 GC heap before
{Heap before GC invocations=10 (full 0):
 garbage-first heap   total 14336K, used 6608K [0x0000000742000000, 0x0000000800000000)
  region size 1024K, 3 young (3072K), 1 survivors (1024K)
 Metaspace       used 8469K, capacity 11319K, committed 11648K, reserved 1058816K
  class space    used 989K, capacity 1312K, committed 1408K, reserved 1048576K
}
Event: 0.721 GC heap after
{Heap after GC invocations=11 (full 0):
 garbage-first heap   total 14336K, used 4761K [0x0000000742000000, 0x0000000800000000)
  region size 1024K, 1 young (1024K), 1 survivors (1024K)
 Metaspace       used 8469K, capacity 11319K, committed 11648K, reserved 1058816K
  class space    used 989K, capacity 1312K, committed 1408K, reserved 1048576K
}
Event: 0.738 GC heap before
{Heap before GC invocations=11 (full 0):
 garbage-first heap   total 14336K, used 6809K [0x0000000742000000, 0x0000000800000000)
  region size 1024K, 3 young (3072K), 1 survivors (1024K)
 Metaspace       used 8605K, capacity 11338K, committed 11648K, reserved 1058816K
  class space    used 1005K, capacity 1317K, committed 1408K, reserved 1048576K
}
Event: 0.740 GC heap after
{Heap after GC invocations=12 (full 0):
 garbage-first heap   total 14336K, used 5082K [0x0000000742000000, 0x0000000800000000)
  region size 1024K, 1 young (1024K), 1 survivors (1024K)
 Metaspace       used 8605K, capacity 11338K, committed 11648K, reserved 1058816K
  class space    used 1005K, capacity 1317K, committed 1408K, reserved 1048576K
}
Event: 0.745 GC heap before
{Heap before GC invocations=12 (full 0):
 garbage-first heap   total 14336K, used 7130K [0x0000000742000000, 0x0000000800000000)
  region size 1024K, 3 young (3072K), 1 survivors (1024K)
 Metaspace       used 8617K, capacity 11338K, committed 11648K, reserved 1058816K
  class space    used 1005K, capacity 1317K, committed 1408K, reserved 1048576K
}
Event: 0.746 GC heap after
{Heap after GC invocations=13 (full 0):
 garbage-first heap   total 14336K, used 5262K [0x0000000742000000, 0x0000000800000000)
  region size 1024K, 1 young (1024K), 1 survivors (1024K)
 Metaspace       used 8617K, capacity 11338K, committed 11648K, reserved 1058816K
  class space    used 1005K, capacity 1317K, committed 1408K, reserved 1048576K
}
Event: 0.757 GC heap before
{Heap before GC invocations=13 (full 0):
 garbage-first heap   total 14336K, used 7310K [0x0000000742000000, 0x0000000800000000)
  region size 1024K, 3 young (3072K), 1 survivors (1024K)
 Metaspace       used 8630K, capacity 11338K, committed 11648K, reserved 1058816K
  class space    used 1005K, capacity 1317K, committed 1408K, reserved 1048576K
}

