# JRE version: Java(TM) SE Runtime Environment (12.0.2+10) (build 12.0.2+10)
# Java VM: Java HotSpot(TM) 64-Bit Server VM (12.0.2+10, mixed mode, sharing, tiered, compressed oops, g1 gc, windows-amd64)
Heap:
 garbage-first heap   total 30720K, used 12716K [0x0000000742000000, 0x0000000800000000)
  region size 1024K, 6 young (6144K), 1 survivors (1024K)
 Metaspace       used 9755K, capacity 12321K, committed 12544K, reserved 1060864K
  class space    used 1109K, capacity 1429K, committed 1536K, reserved 1048576K
GC Heap History (10 events):
Event: 1.738 GC heap before
{Heap before GC invocations=15 (full 0):
 garbage-first heap   total 16384K, used 8340K [0x0000000742000000, 0x0000000800000000)
  region size 1024K, 4 young (4096K), 1 survivors (1024K)
 Metaspace       used 8644K, capacity 11338K, committed 11648K, reserved 1058816K
  class space    used 1006K, capacity 1317K, committed 1408K, reserved 1048576K
}
Event: 1.741 GC heap after
{Heap after GC invocations=16 (full 0):
 garbage-first heap   total 16384K, used 5689K [0x0000000742000000, 0x0000000800000000)
  region size 1024K, 1 young (1024K), 1 survivors (1024K)
 Metaspace       used 8644K, capacity 11338K, committed 11648K, reserved 1058816K
  class space    used 1006K, capacity 1317K, committed 1408K, reserved 1048576K
}
Event: 1.830 GC heap before
{Heap before GC invocations=16 (full 0):
 garbage-first heap   total 16384K, used 8761K [0x0000000742000000, 0x0000000800000000)
  region size 1024K, 4 young (4096K), 1 survivors (1024K)
 Metaspace       used 8763K, capacity 11403K, committed 11648K, reserved 1058816K
  class space    used 1014K, capacity 1317K, committed 1408K, reserved 1048576K
}
Event: 1.834 GC heap after
{Heap after GC invocations=17 (full 0):
 garbage-first heap   total 16384K, used 6315K [0x0000000742000000, 0x0000000800000000)
  region size 1024K, 1 young (1024K), 1 survivors (1024K)
 Metaspace       used 8763K, capacity 11403K, committed 11648K, reserved 1058816K
  class space    used 1014K, capacity 1317K, committed 1408K, reserved 1048576K
}
Event: 1.848 GC heap before
{Heap before GC invocations=17 (full 0):
 garbage-first heap   total 16384K, used 9387K [0x0000000742000000, 0x0000000800000000)
  region size 1024K, 4 young (4096K), 1 survivors (1024K)
 Metaspace       used 8765K, capacity 11403K, committed 11648K, reserved 1058816K
  class space    used 1014K, capacity 1317K, committed 1408K, reserved 1048576K
}
Event: 1.853 GC heap after
{Heap after GC invocations=18 (full 0):
 garbage-first heap   total 16384K, used 6893K [0x0000000742000000, 0x0000000800000000)
  region size 1024K, 1 young (1024K), 1 survivors (1024K)
 Metaspace       used 8765K, capacity 11403K, committed 11648K, reserved 1058816K
  class space    used 1014K, capacity 1317K, committed 1408K, reserved 1048576K
}
Event: 1.879 GC heap before
{Heap before GC invocations=18 (full 0):
 garbage-first heap   total 16384K, used 8941K [0x0000000742000000, 0x0000000800000000)
  region size 1024K, 3 young (3072K), 1 survivors (1024K)
 Metaspace       used 8765K, capacity 11403K, committed 11648K, reserved 1058816K
  class space    used 1014K, capacity 1317K, committed 1408K, reserved 1048576K
}
Event: 1.882 GC heap after
{Heap after GC invocations=19 (full 0):
 garbage-first heap   total 30720K, used 6929K [0x0000000742000000, 0x0000000800000000)
  region size 1024K, 1 young (1024K), 1 survivors (1024K)
 Metaspace       used 8765K, capacity 11403K, committed 11648K, reserved 1058816K
  class space    used 1014K, capacity 1317K, committed 1408K, reserved 1048576K
}
Event: 2.022 GC heap before
{Heap before GC invocations=19 (full 0):
 garbage-first heap   total 30720K, used 14097K [0x0000000742000000, 0x0000000800000000)
  region size 1024K, 8 young (8192K), 1 survivors (1024K)
 Metaspace       used 8939K, capacity 11570K, committed 11648K, reserved 1058816K
  class space    used 1031K, capacity 1330K, committed 1408K, reserved 1048576K
}
Event: 2.027 GC heap after
{Heap after GC invocations=20 (full 0):
 garbage-first heap   total 30720K, used 8620K [0x0000000742000000, 0x0000000800000000)
  region size 1024K, 1 young (1024K), 1 survivors (1024K)
 Metaspace       used 8939K, capacity 11570K, committed 11648K, reserved 1058816K
  class space    used 1031K, capacity 1330K, committed 1408K, reserved 1048576K
}

