# JRE version: Java(TM) SE Runtime Environment (12.0.2+10) (build 12.0.2+10)
# Java VM: Java HotSpot(TM) 64-Bit Server VM (12.0.2+10, mixed mode, sharing, tiered, compressed oops, g1 gc, windows-amd64)
Heap:
 garbage-first heap   total 13312K, used 4578K [0x0000000742000000, 0x0000000800000000)
  region size 1024K, 1 young (1024K), 1 survivors (1024K)
 Metaspace       used 8357K, capacity 11254K, committed 11392K, reserved 1058816K
  class space    used 989K, capacity 1312K, committed 1408K, reserved 1048576K
GC Heap History (10 events):
Event: 0.408 GC heap after
{Heap after GC invocations=4 (full 0):
 garbage-first heap   total 8192K, used 2335K [0x0000000742000000, 0x0000000800000000)
  region size 1024K, 1 young (1024K), 1 survivors (1024K)
 Metaspace       used 6753K, capacity 10243K, committed 10496K, reserved 1058816K
  class space    used 836K, capacity 1166K, committed 1280K, reserved 1048576K
}
Event: 0.465 GC heap before
{Heap before GC invocations=4 (full 0):
 garbage-first heap   total 8192K, used 3359K [0x0000000742000000, 0x0000000800000000)
  region size 1024K, 2 young (2048K), 1 survivors (1024K)
 Metaspace       used 7419K, capacity 10768K, committed 11008K, reserved 1058816K
  class space    used 885K, capacity 1213K, committed 1280K, reserved 1048576K
}
Event: 0.466 GC heap after
{Heap after GC invocations=5 (full 0):
 garbage-first heap   total 10240K, used 2609K [0x0000000742000000, 0x0000000800000000)
  region size 1024K, 1 young (1024K), 1 survivors (1024K)
 Metaspace       used 7419K, capacity 10768K, committed 11008K, reserved 1058816K
  class space    used 885K, capacity 1213K, committed 1280K, reserved 1048576K
}
Event: 0.521 GC heap before
{Heap before GC invocations=5 (full 0):
 garbage-first heap   total 10240K, used 4657K [0x0000000742000000, 0x0000000800000000)
  region size 1024K, 3 young (3072K), 1 survivors (1024K)
 Metaspace       used 7743K, capacity 10993K, committed 11008K, reserved 1058816K
  class space    used 918K, capacity 1267K, committed 1280K, reserved 1048576K
}
Event: 0.524 GC heap after
{Heap after GC invocations=6 (full 0):
 garbage-first heap   total 10240K, used 3439K [0x0000000742000000, 0x0000000800000000)
  region size 1024K, 1 young (1024K), 1 survivors (1024K)
 Metaspace       used 7743K, capacity 10993K, committed 11008K, reserved 1058816K
  class space    used 918K, capacity 1267K, committed 1280K, reserved 1048576K
}
Event: 0.581 GC heap before
{Heap before GC invocations=6 (full 0):
 garbage-first heap   total 10240K, used 4463K [0x0000000742000000, 0x0000000800000000)
  region size 1024K, 2 young (2048K), 1 survivors (1024K)
 Metaspace       used 8138K, capacity 11162K, committed 11392K, reserved 1058816K
  class space    used 975K, capacity 1302K, committed 1408K, reserved 1048576K
}
Event: 0.584 GC heap after
{Heap after GC invocations=7 (full 0):
 garbage-first heap   total 10240K, used 4230K [0x0000000742000000, 0x0000000800000000)
  region size 1024K, 1 young (1024K), 1 survivors (1024K)
 Metaspace       used 8138K, capacity 11162K, committed 11392K, reserved 1058816K
  class space    used 975K, capacity 1302K, committed 1408K, reserved 1048576K
}
Event: 0.648 GC heap before
{Heap before GC invocations=7 (full 0):
 garbage-first heap   total 10240K, used 5254K [0x0000000742000000, 0x0000000800000000)
  region size 1024K, 2 young (2048K), 1 survivors (1024K)
 Metaspace       used 8341K, capacity 11190K, committed 11392K, reserved 1058816K
  class space    used 989K, capacity 1312K, committed 1408K, reserved 1048576K
}
Event: 0.650 GC heap after
{Heap after GC invocations=8 (full 0):
 garbage-first heap   total 10240K, used 4513K [0x0000000742000000, 0x0000000800000000)
  region size 1024K, 1 young (1024K), 1 survivors (1024K)
 Metaspace       used 8341K, capacity 11190K, committed 11392K, reserved 1058816K
  class space    used 989K, capacity 1312K, committed 1408K, reserved 1048576K
}
Event: 0.658 GC heap before
{Heap before GC invocations=8 (full 0):
 garbage-first heap   total 10240K, used 5537K [0x0000000742000000, 0x0000000800000000)
  region size 1024K, 2 young (2048K), 1 survivors (1024K)
 Metaspace       used 8357K, capacity 11254K, committed 11392K, reserved 1058816K
  class space    used 989K, capacity 1312K, committed 1408K, reserved 1048576K
}

