# JRE version: Java(TM) SE Runtime Environment (12.0.2+10) (build 12.0.2+10)
# Java VM: Java HotSpot(TM) 64-Bit Server VM (12.0.2+10, mixed mode, sharing, tiered, compressed oops, g1 gc, windows-amd64)
Heap:
 garbage-first heap   total 15360K, used 3468K [0x0000000742000000, 0x0000000800000000)
  region size 1024K, 1 young (1024K), 1 survivors (1024K)
 Metaspace       used 7785K, capacity 11025K, committed 11264K, reserved 1058816K
  class space    used 917K, capacity 1235K, committed 1280K, reserved 1048576K
GC Heap History (10 events):
Event: 0.554 GC heap after
{Heap after GC invocations=2 (full 0):
 garbage-first heap   total 8192K, used 1656K [0x0000000742000000, 0x0000000800000000)
  region size 1024K, 1 young (1024K), 1 survivors (1024K)
 Metaspace       used 3906K, capacity 7543K, committed 7808K, reserved 1056768K
  class space    used 493K, capacity 838K, committed 896K, reserved 1048576K
}
Event: 0.663 GC heap before
{Heap before GC invocations=2 (full 0):
 garbage-first heap   total 8192K, used 2680K [0x0000000742000000, 0x0000000800000000)
  region size 1024K, 2 young (2048K), 1 survivors (1024K)
 Metaspace       used 5337K, capacity 8995K, committed 9344K, reserved 1056768K
  class space    used 661K, capacity 1025K, committed 1152K, reserved 1048576K
}
Event: 0.665 GC heap after
{Heap after GC invocations=3 (full 0):
 garbage-first heap   total 8192K, used 1985K [0x0000000742000000, 0x0000000800000000)
  region size 1024K, 1 young (1024K), 1 survivors (1024K)
 Metaspace       used 5337K, capacity 8995K, committed 9344K, reserved 1056768K
  class space    used 661K, capacity 1025K, committed 1152K, reserved 1048576K
}
Event: 0.911 GC heap before
{Heap before GC invocations=3 (full 0):
 garbage-first heap   total 8192K, used 1985K [0x0000000742000000, 0x0000000800000000)
  region size 1024K, 2 young (2048K), 1 survivors (1024K)
 Metaspace       used 6746K, capacity 10243K, committed 10496K, reserved 1058816K
  class space    used 834K, capacity 1166K, committed 1280K, reserved 1048576K
}
Event: 0.913 GC heap after
{Heap after GC invocations=4 (full 0):
 garbage-first heap   total 8192K, used 2339K [0x0000000742000000, 0x0000000800000000)
  region size 1024K, 1 young (1024K), 1 survivors (1024K)
 Metaspace       used 6746K, capacity 10243K, committed 10496K, reserved 1058816K
  class space    used 834K, capacity 1166K, committed 1280K, reserved 1048576K
}
Event: 1.021 GC heap before
{Heap before GC invocations=4 (full 0):
 garbage-first heap   total 8192K, used 3363K [0x0000000742000000, 0x0000000800000000)
  region size 1024K, 2 young (2048K), 1 survivors (1024K)
 Metaspace       used 7464K, capacity 10832K, committed 11008K, reserved 1058816K
  class space    used 883K, capacity 1213K, committed 1280K, reserved 1048576K
}
Event: 1.023 GC heap after
{Heap after GC invocations=5 (full 0):
 garbage-first heap   total 8192K, used 2616K [0x0000000742000000, 0x0000000800000000)
  region size 1024K, 1 young (1024K), 1 survivors (1024K)
 Metaspace       used 7464K, capacity 10832K, committed 11008K, reserved 1058816K
  class space    used 883K, capacity 1213K, committed 1280K, reserved 1048576K
}
Event: 1.081 GC heap before
{Heap before GC invocations=5 (full 0):
 garbage-first heap   total 8192K, used 3640K [0x0000000742000000, 0x0000000800000000)
  region size 1024K, 2 young (2048K), 1 survivors (1024K)
 Metaspace       used 7664K, capacity 10919K, committed 11008K, reserved 1058816K
  class space    used 902K, capacity 1221K, committed 1280K, reserved 1048576K
}
Event: 1.084 GC heap after
{Heap after GC invocations=6 (full 0):
 garbage-first heap   total 8192K, used 3067K [0x0000000742000000, 0x0000000800000000)
  region size 1024K, 1 young (1024K), 1 survivors (1024K)
 Metaspace       used 7664K, capacity 10919K, committed 11008K, reserved 1058816K
  class space    used 902K, capacity 1221K, committed 1280K, reserved 1048576K
}
Event: 1.118 GC heap before
{Heap before GC invocations=6 (full 0):
 garbage-first heap   total 8192K, used 4091K [0x0000000742000000, 0x0000000800000000)
  region size 1024K, 2 young (2048K), 1 survivors (1024K)
 Metaspace       used 7785K, capacity 11025K, committed 11264K, reserved 1058816K
  class space    used 917K, capacity 1235K, committed 1280K, reserved 1048576K
}

