# JRE version: Java(TM) SE Runtime Environment (12.0.2+10) (build 12.0.2+10)
# Java VM: Java HotSpot(TM) 64-Bit Server VM (12.0.2+10, mixed mode, sharing, tiered, compressed oops, g1 gc, windows-amd64)
Heap:
 garbage-first heap   total 23552K, used 7010K [0x0000000742000000, 0x0000000800000000)
  region size 1024K, 1 young (1024K), 1 survivors (1024K)
 Metaspace       used 8790K, capacity 11467K, committed 11648K, reserved 1058816K
  class space    used 1015K, capacity 1317K, committed 1408K, reserved 1048576K
GC Heap History (10 events):
Event: 2.084 GC heap after
{Heap after GC invocations=11 (full 0):
 garbage-first heap   total 13312K, used 5018K [0x0000000742000000, 0x0000000800000000)
  region size 1024K, 1 young (1024K), 1 survivors (1024K)
 Metaspace       used 8640K, capacity 11337K, committed 11648K, reserved 1058816K
  class space    used 1006K, capacity 1317K, committed 1408K, reserved 1048576K
}
Event: 2.114 GC heap before
{Heap before GC invocations=11 (full 0):
 garbage-first heap   total 13312K, used 7066K [0x0000000742000000, 0x0000000800000000)
  region size 1024K, 3 young (3072K), 1 survivors (1024K)
 Metaspace       used 8652K, capacity 11338K, committed 11648K, reserved 1058816K
  class space    used 1006K, capacity 1317K, committed 1408K, reserved 1048576K
}
Event: 2.118 GC heap after
{Heap after GC invocations=12 (full 0):
 garbage-first heap   total 16384K, used 5247K [0x0000000742000000, 0x0000000800000000)
  region size 1024K, 1 young (1024K), 1 survivors (1024K)
 Metaspace       used 8652K, capacity 11338K, committed 11648K, reserved 1058816K
  class space    used 1006K, capacity 1317K, committed 1408K, reserved 1048576K
}
Event: 2.166 GC heap before
{Heap before GC invocations=12 (full 0):
 garbage-first heap   total 16384K, used 8319K [0x0000000742000000, 0x0000000800000000)
  region size 1024K, 4 young (4096K), 1 survivors (1024K)
 Metaspace       used 8667K, capacity 11338K, committed 11648K, reserved 1058816K
  class space    used 1006K, capacity 1317K, committed 1408K, reserved 1048576K
}
Event: 2.169 GC heap after
{Heap after GC invocations=13 (full 0):
 garbage-first heap   total 16384K, used 5718K [0x0000000742000000, 0x0000000800000000)
  region size 1024K, 1 young (1024K), 1 survivors (1024K)
 Metaspace       used 8667K, capacity 11338K, committed 11648K, reserved 1058816K
  class space    used 1006K, capacity 1317K, committed 1408K, reserved 1048576K
}
Event: 2.301 GC heap before
{Heap before GC invocations=13 (full 0):
 garbage-first heap   total 16384K, used 8790K [0x0000000742000000, 0x0000000800000000)
  region size 1024K, 4 young (4096K), 1 survivors (1024K)
 Metaspace       used 8788K, capacity 11467K, committed 11648K, reserved 1058816K
  class space    used 1015K, capacity 1317K, committed 1408K, reserved 1048576K
}
Event: 2.306 GC heap after
{Heap after GC invocations=14 (full 0):
 garbage-first heap   total 16384K, used 6285K [0x0000000742000000, 0x0000000800000000)
  region size 1024K, 1 young (1024K), 1 survivors (1024K)
 Metaspace       used 8788K, capacity 11467K, committed 11648K, reserved 1058816K
  class space    used 1015K, capacity 1317K, committed 1408K, reserved 1048576K
}
Event: 2.325 GC heap before
{Heap before GC invocations=14 (full 0):
 garbage-first heap   total 16384K, used 9357K [0x0000000742000000, 0x0000000800000000)
  region size 1024K, 4 young (4096K), 1 survivors (1024K)
 Metaspace       used 8790K, capacity 11467K, committed 11648K, reserved 1058816K
  class space    used 1015K, capacity 1317K, committed 1408K, reserved 1048576K
}
Event: 2.329 GC heap after
{Heap after GC invocations=15 (full 0):
 garbage-first heap   total 16384K, used 6794K [0x0000000742000000, 0x0000000800000000)
  region size 1024K, 1 young (1024K), 1 survivors (1024K)
 Metaspace       used 8790K, capacity 11467K, committed 11648K, reserved 1058816K
  class space    used 1015K, capacity 1317K, committed 1408K, reserved 1048576K
}
Event: 2.357 GC heap before
{Heap before GC invocations=15 (full 0):
 garbage-first heap   total 16384K, used 8842K [0x0000000742000000, 0x0000000800000000)
  region size 1024K, 3 young (3072K), 1 survivors (1024K)
 Metaspace       used 8790K, capacity 11467K, committed 11648K, reserved 1058816K
  class space    used 1015K, capacity 1317K, committed 1408K, reserved 1048576K
}

