# JRE version: Java(TM) SE Runtime Environment (12.0.2+10) (build 12.0.2+10)
# Java VM: Java HotSpot(TM) 64-Bit Server VM (12.0.2+10, mixed mode, sharing, tiered, compressed oops, g1 gc, windows-amd64)
Heap:
 garbage-first heap   total 27648K, used 10173K [0x0000000742000000, 0x0000000800000000)
  region size 1024K, 2 young (2048K), 1 survivors (1024K)
 Metaspace       used 10244K, capacity 12806K, committed 13056K, reserved 1060864K
  class space    used 1151K, capacity 1462K, committed 1536K, reserved 1048576K
GC Heap History (10 events):
Event: 1.657 GC heap before
{Heap before GC invocations=15 (full 0):
 garbage-first heap   total 17408K, used 9193K [0x0000000742000000, 0x0000000800000000)
  region size 1024K, 4 young (4096K), 1 survivors (1024K)
 Metaspace       used 8788K, capacity 11467K, committed 11648K, reserved 1058816K
  class space    used 1014K, capacity 1317K, committed 1408K, reserved 1048576K
}
Event: 1.661 GC heap after
{Heap after GC invocations=16 (full 0):
 garbage-first heap   total 17408K, used 6841K [0x0000000742000000, 0x0000000800000000)
  region size 1024K, 1 young (1024K), 1 survivors (1024K)
 Metaspace       used 8788K, capacity 11467K, committed 11648K, reserved 1058816K
  class space    used 1014K, capacity 1317K, committed 1408K, reserved 1048576K
}
Event: 1.672 GC heap before
{Heap before GC invocations=16 (full 0):
 garbage-first heap   total 17408K, used 9913K [0x0000000742000000, 0x0000000800000000)
  region size 1024K, 4 young (4096K), 1 survivors (1024K)
 Metaspace       used 8789K, capacity 11467K, committed 11648K, reserved 1058816K
  class space    used 1014K, capacity 1317K, committed 1408K, reserved 1048576K
}
Event: 1.675 GC heap after
{Heap after GC invocations=17 (full 0):
 garbage-first heap   total 17408K, used 7094K [0x0000000742000000, 0x0000000800000000)
  region size 1024K, 1 young (1024K), 1 survivors (1024K)
 Metaspace       used 8789K, capacity 11467K, committed 11648K, reserved 1058816K
  class space    used 1014K, capacity 1317K, committed 1408K, reserved 1048576K
}
Event: 1.727 GC heap before
{Heap before GC invocations=17 (full 0):
 garbage-first heap   total 17408K, used 9142K [0x0000000742000000, 0x0000000800000000)
  region size 1024K, 4 young (4096K), 1 survivors (1024K)
 Metaspace       used 8884K, capacity 11492K, committed 11648K, reserved 1058816K
  class space    used 1024K, capacity 1325K, committed 1408K, reserved 1048576K
}
Event: 1.731 GC heap after
{Heap after GC invocations=18 (full 0):
 garbage-first heap   total 27648K, used 8089K [0x0000000742000000, 0x0000000800000000)
  region size 1024K, 1 young (1024K), 1 survivors (1024K)
 Metaspace       used 8884K, capacity 11492K, committed 11648K, reserved 1058816K
  class space    used 1024K, capacity 1325K, committed 1408K, reserved 1048576K
}
Event: 2.162 GC heap before
{Heap before GC invocations=18 (full 0):
 garbage-first heap   total 27648K, used 15257K [0x0000000742000000, 0x0000000800000000)
  region size 1024K, 8 young (8192K), 1 survivors (1024K)
 Metaspace       used 9433K, capacity 12076K, committed 12288K, reserved 1060864K
  class space    used 1086K, capacity 1413K, committed 1536K, reserved 1048576K
}
Event: 2.170 GC heap after
{Heap after GC invocations=19 (full 0):
 garbage-first heap   total 27648K, used 9291K [0x0000000742000000, 0x0000000800000000)
  region size 1024K, 1 young (1024K), 1 survivors (1024K)
 Metaspace       used 9433K, capacity 12076K, committed 12288K, reserved 1060864K
  class space    used 1086K, capacity 1413K, committed 1536K, reserved 1048576K
}
Event: 2.445 GC heap before
{Heap before GC invocations=19 (full 0):
 garbage-first heap   total 27648K, used 15435K [0x0000000742000000, 0x0000000800000000)
  region size 1024K, 7 young (7168K), 1 survivors (1024K)
 Metaspace       used 10146K, capacity 12742K, committed 13056K, reserved 1060864K
  class space    used 1145K, capacity 1462K, committed 1536K, reserved 1048576K
}
Event: 2.452 GC heap after
{Heap after GC invocations=20 (full 0):
 garbage-first heap   total 27648K, used 10173K [0x0000000742000000, 0x0000000800000000)
  region size 1024K, 1 young (1024K), 1 survivors (1024K)
 Metaspace       used 10146K, capacity 12742K, committed 13056K, reserved 1060864K
  class space    used 1145K, capacity 1462K, committed 1536K, reserved 1048576K
}

