# JRE version: Java(TM) SE Runtime Environment (12.0.2+10) (build 12.0.2+10)
# Java VM: Java HotSpot(TM) 64-Bit Server VM (12.0.2+10, mixed mode, sharing, tiered, compressed oops, g1 gc, windows-amd64)
Heap:
 garbage-first heap   total 194560K, used 122046K [0x0000000742000000, 0x0000000800000000)
  region size 1024K, 112 young (114688K), 1 survivors (1024K)
 Metaspace       used 7450K, capacity 7801K, committed 7936K, reserved 1056768K
  class space    used 779K, capacity 946K, committed 1024K, reserved 1048576K
GC Heap History (10 events):
Event: 66.882 GC heap before
{Heap before GC invocations=51 (full 0):
 garbage-first heap   total 194560K, used 125112K [0x0000000742000000, 0x0000000800000000)
  region size 1024K, 115 young (117760K), 1 survivors (1024K)
 Metaspace       used 7374K, capacity 7703K, committed 7936K, reserved 1056768K
  class space    used 765K, capacity 913K, committed 1024K, reserved 1048576K
}
Event: 66.882 GC heap after
{Heap after GC invocations=52 (full 0):
 garbage-first heap   total 194560K, used 9398K [0x0000000742000000, 0x0000000800000000)
  region size 1024K, 1 young (1024K), 1 survivors (1024K)
 Metaspace       used 7374K, capacity 7703K, committed 7936K, reserved 1056768K
  class space    used 765K, capacity 913K, committed 1024K, reserved 1048576K
}
Event: 68.206 GC heap before
{Heap before GC invocations=52 (full 0):
 garbage-first heap   total 194560K, used 125110K [0x0000000742000000, 0x0000000800000000)
  region size 1024K, 114 young (116736K), 1 survivors (1024K)
 Metaspace       used 7374K, capacity 7703K, committed 7936K, reserved 1056768K
  class space    used 765K, capacity 913K, committed 1024K, reserved 1048576K
}
Event: 68.207 GC heap after
{Heap after GC invocations=53 (full 0):
 garbage-first heap   total 194560K, used 9402K [0x0000000742000000, 0x0000000800000000)
  region size 1024K, 1 young (1024K), 1 survivors (1024K)
 Metaspace       used 7374K, capacity 7703K, committed 7936K, reserved 1056768K
  class space    used 765K, capacity 913K, committed 1024K, reserved 1048576K
}
Event: 69.521 GC heap before
{Heap before GC invocations=53 (full 0):
 garbage-first heap   total 194560K, used 125114K [0x0000000742000000, 0x0000000800000000)
  region size 1024K, 114 young (116736K), 1 survivors (1024K)
 Metaspace       used 7374K, capacity 7703K, committed 7936K, reserved 1056768K
  class space    used 765K, capacity 913K, committed 1024K, reserved 1048576K
}
Event: 69.522 GC heap after
{Heap after GC invocations=54 (full 0):
 garbage-first heap   total 194560K, used 9404K [0x0000000742000000, 0x0000000800000000)
  region size 1024K, 1 young (1024K), 1 survivors (1024K)
 Metaspace       used 7374K, capacity 7703K, committed 7936K, reserved 1056768K
  class space    used 765K, capacity 913K, committed 1024K, reserved 1048576K
}
Event: 70.871 GC heap before
{Heap before GC invocations=54 (full 0):
 garbage-first heap   total 194560K, used 125116K [0x0000000742000000, 0x0000000800000000)
  region size 1024K, 114 young (116736K), 1 survivors (1024K)
 Metaspace       used 7380K, capacity 7703K, committed 7936K, reserved 1056768K
  class space    used 765K, capacity 913K, committed 1024K, reserved 1048576K
}
Event: 70.872 GC heap after
{Heap after GC invocations=55 (full 0):
 garbage-first heap   total 194560K, used 9406K [0x0000000742000000, 0x0000000800000000)
  region size 1024K, 1 young (1024K), 1 survivors (1024K)
 Metaspace       used 7380K, capacity 7703K, committed 7936K, reserved 1056768K
  class space    used 765K, capacity 913K, committed 1024K, reserved 1048576K
}
Event: 72.199 GC heap before
{Heap before GC invocations=55 (full 0):
 garbage-first heap   total 194560K, used 125118K [0x0000000742000000, 0x0000000800000000)
  region size 1024K, 114 young (116736K), 1 survivors (1024K)
 Metaspace       used 7380K, capacity 7703K, committed 7936K, reserved 1056768K
  class space    used 765K, capacity 913K, committed 1024K, reserved 1048576K
}
Event: 72.199 GC heap after
{Heap after GC invocations=56 (full 0):
 garbage-first heap   total 194560K, used 9406K [0x0000000742000000, 0x0000000800000000)
  region size 1024K, 1 young (1024K), 1 survivors (1024K)
 Metaspace       used 7380K, capacity 7703K, committed 7936K, reserved 1056768K
  class space    used 765K, capacity 913K, committed 1024K, reserved 1048576K
}

